<?xml version="1.0" encoding="UTF-8"?>
<testng-results skipped="0" failed="0" ignored="0" total="1" passed="1">
  <reporter-output>
  </reporter-output>
  <suite name="InetBankingV1" duration-ms="5966" started-at="2021-08-04T11:35:22 IST" finished-at="2021-08-04T11:35:28 IST">
    <groups>
    </groups>
    <test name="BankingApp Test" duration-ms="5966" started-at="2021-08-04T11:35:22 IST" finished-at="2021-08-04T11:35:28 IST">
      <class name="com.initbanking.testcases.TC_LoginTest_001">
        <test-method status="PASS" signature="setup(java.lang.String)[pri:0, instance:com.initbanking.testcases.TC_LoginTest_001@3224f60b]" name="setup" is-config="true" duration-ms="3784" started-at="2021-08-04T11:35:22 IST" finished-at="2021-08-04T11:35:26 IST">
          <params>
            <param index="0">
              <value>
                <![CDATA[chrome]]>
              </value>
            </param>
          </params>
          <reporter-output>
          </reporter-output>
        </test-method> <!-- setup -->
        <test-method status="PASS" signature="loginTest()[pri:0, instance:com.initbanking.testcases.TC_LoginTest_001@3224f60b]" name="loginTest" duration-ms="1381" started-at="2021-08-04T11:35:26 IST" finished-at="2021-08-04T11:35:27 IST">
          <reporter-output>
          </reporter-output>
        </test-method> <!-- loginTest -->
        <test-method status="PASS" signature="tearDown()[pri:0, instance:com.initbanking.testcases.TC_LoginTest_001@3224f60b]" name="tearDown" is-config="true" duration-ms="648" started-at="2021-08-04T11:35:27 IST" finished-at="2021-08-04T11:35:28 IST">
          <reporter-output>
          </reporter-output>
        </test-method> <!-- tearDown -->
      </class> <!-- com.initbanking.testcases.TC_LoginTest_001 -->
    </test> <!-- BankingApp Test -->
  </suite> <!-- InetBankingV1 -->
</testng-results>
