<?xml version="1.0" encoding="UTF-8"?>
<testng-results skipped="0" failed="0" ignored="0" total="1" passed="1">
  <reporter-output>
  </reporter-output>
  <suite name="InetBankingV1" duration-ms="9750" started-at="2021-08-05T14:53:51 IST" finished-at="2021-08-05T14:54:00 IST">
    <groups>
    </groups>
    <test name="BankingApp Test" duration-ms="9750" started-at="2021-08-05T14:53:51 IST" finished-at="2021-08-05T14:54:00 IST">
      <class name="com.initbanking.testcases.TC_LoginTest_001">
        <test-method status="PASS" signature="setup(java.lang.String)[pri:0, instance:com.initbanking.testcases.TC_LoginTest_001@154b04f]" name="setup" is-config="true" duration-ms="7422" started-at="2021-08-05T14:53:51 IST" finished-at="2021-08-05T14:53:58 IST">
          <params>
            <param index="0">
              <value>
                <![CDATA[chrome]]>
              </value>
            </param>
          </params>
          <reporter-output>
          </reporter-output>
        </test-method> <!-- setup -->
        <test-method status="PASS" signature="loginTest()[pri:0, instance:com.initbanking.testcases.TC_LoginTest_001@154b04f]" name="loginTest" duration-ms="1475" started-at="2021-08-05T14:53:58 IST" finished-at="2021-08-05T14:54:00 IST">
          <reporter-output>
          </reporter-output>
        </test-method> <!-- loginTest -->
        <test-method status="PASS" signature="tearDown()[pri:0, instance:com.initbanking.testcases.TC_LoginTest_001@154b04f]" name="tearDown" is-config="true" duration-ms="659" started-at="2021-08-05T14:54:00 IST" finished-at="2021-08-05T14:54:00 IST">
          <reporter-output>
          </reporter-output>
        </test-method> <!-- tearDown -->
      </class> <!-- com.initbanking.testcases.TC_LoginTest_001 -->
    </test> <!-- BankingApp Test -->
  </suite> <!-- InetBankingV1 -->
</testng-results>
